<?xml version="1.0" encoding="utf-8"?>
<testsuites>
  <testsuite name="Firework Stand loads after Fireworks and its guarded patch matches" tests="4" failures="0" skipped="0" flakes="0" time="28.688">
    <testcase name="the mod is active and loads after Fireworks" classname="Firework Stand loads after Fireworks and its guarded patch matches" time="1.236">
      <system-out>Attachment: smoke-attachment -&gt; smoke test attachment content
</system-out>
    </testcase>
    <testcase name="the guarded patch added the stand, the recreation type, the job and the joy giver" classname="Firework Stand loads after Fireworks and its guarded patch matches" time="0.943">
      <system-out>Attachment: smoke-attachment -&gt; smoke test attachment content
</system-out>
    </testcase>
    <testcase name="the stand is tied to its own recreation type" classname="Firework Stand loads after Fireworks and its guarded patch matches" time="0.133">
      <system-out>Attachment: smoke-attachment -&gt; smoke test attachment content
</system-out>
    </testcase>
    <testcase name="loading a game with the mod raises no error and no warning of its own" classname="Firework Stand loads after Fireworks and its guarded patch matches" time="26.376">
      <system-out>Attachment: smoke-attachment -&gt; smoke test attachment content
</system-out>
    </testcase>
  </testsuite>
  <testsuite name="a stand on the map runs, saves and reloads without a complaint" tests="4" failures="0" skipped="0" flakes="0" time="63.958">
    <testcase name="a stand can be built and left running" classname="a stand on the map runs, saves and reloads without a complaint" time="11.902">
      <system-out>Attachment: smoke-attachment -&gt; smoke test attachment content
</system-out>
    </testcase>
    <testcase name="a stand survives a save and a reload" classname="a stand on the map runs, saves and reloads without a complaint" time="31.287">
      <system-out>Attachment: smoke-attachment -&gt; smoke test attachment content
</system-out>
    </testcase>
    <testcase name="the stand as the player sees it, empty" classname="a stand on the map runs, saves and reloads without a complaint" time="9.567">
      <system-out>Attachment: smoke-attachment -&gt; smoke test attachment content
Attachment: firework stand, empty -&gt; /mnt/c/Users/nelim/Documents/rimworld/pickle-reports/screenshots/manual--firework-stand--empty--step0.png
</system-out>
    </testcase>
    <testcase name="selecting the stand reads its inspect line, which resolves the bridge" classname="a stand on the map runs, saves and reloads without a complaint" time="11.202">
      <system-out>Attachment: smoke-attachment -&gt; smoke test attachment content
Attachment: firework stand, selected, with its inspect line -&gt; /mnt/c/Users/nelim/Documents/rimworld/pickle-reports/screenshots/manual--firework-stand--selected--with-its-inspect-line--step0.png
</system-out>
    </testcase>
  </testsuite>
  <testsuite name="the stand fires, and fires again" tests="1" failures="0" skipped="0" flakes="0" time="25.753">
    <testcase name="two salvoes go up from a loaded stand, one launcher each" classname="the stand fires, and fires again" time="25.753">
      <system-out>Attachment: smoke-attachment -&gt; smoke test attachment content
Attachment: first salvo -&gt; /mnt/c/Users/nelim/Documents/rimworld/pickle-reports/screenshots/manual--first-salvo--step0.png
Attachment: second salvo -&gt; /mnt/c/Users/nelim/Documents/rimworld/pickle-reports/screenshots/manual--second-salvo--step0.png
Attachment: film-frames -&gt; /mnt/c/Users/nelim/Documents/rimworld/pickle-reports/screenshots/film/the-stand-fires--and-fires-again--two-salvoes-go-up-from-a-loaded-stand--one-launcher-each/0000.jpg
</system-out>
    </testcase>
  </testsuite>
  <testsuite name="French names on the stand and the reused launcher" tests="2" failures="0" skipped="0" flakes="0" time="0.618">
    <testcase name="the stand and its recreation type are French" classname="French names on the stand and the reused launcher" time="0.387">
      <system-out>Attachment: smoke-attachment -&gt; smoke test attachment content
</system-out>
    </testcase>
    <testcase name="the dependency's launcher, translated by this mod, is French" classname="French names on the stand and the reused launcher" time="0.231">
      <system-out>Attachment: smoke-attachment -&gt; smoke test attachment content
</system-out>
    </testcase>
  </testsuite>
  <testsuite name="the light comes on for the length of a salvo" tests="1" failures="0" skipped="0" flakes="0" time="47.146">
    <testcase name="dark, then warm for a few seconds as the rocket leaves, then dark again" classname="the light comes on for the length of a salvo" time="47.146">
      <system-out>Attachment: smoke-attachment -&gt; smoke test attachment content
Attachment: before the salvo: the loaded stand is dark -&gt; /mnt/c/Users/nelim/Documents/rimworld/pickle-reports/screenshots/manual--before-the-salvo--the-loaded-stand-is-dark--step0.png
Attachment: the rocket has left: the ground is lit -&gt; /mnt/c/Users/nelim/Documents/rimworld/pickle-reports/screenshots/manual--the-rocket-has-left--the-ground-is-lit--step0.png
Attachment: after the salvo: dark again -&gt; /mnt/c/Users/nelim/Documents/rimworld/pickle-reports/screenshots/manual--after-the-salvo--dark-again--step0.png
Attachment: film-frames -&gt; /mnt/c/Users/nelim/Documents/rimworld/pickle-reports/screenshots/film/the-light-comes-on-for-the-length-of-a-salvo--dark--then-warm-for-a-few-seconds-as-the-rocket-leaves--then-dark-again/0000.jpg
</system-out>
    </testcase>
  </testsuite>
  <testsuite name="the fuse smokes, then the rocket leaves" tests="1" failures="0" skipped="0" flakes="0" time="80.518">
    <testcase name="a thread of smoke at the foot of the stand, then a thick puff and sparks" classname="the fuse smokes, then the rocket leaves" time="80.518">
      <system-out>Attachment: smoke-attachment -&gt; smoke test attachment content
Attachment: the fuse smoking at the foot of the stand -&gt; /mnt/c/Users/nelim/Documents/rimworld/pickle-reports/screenshots/manual--the-fuse-smoking-at-the-foot-of-the-stand--step0.png
Attachment: the puff and the sparks as the rocket leaves -&gt; /mnt/c/Users/nelim/Documents/rimworld/pickle-reports/screenshots/manual--the-puff-and-the-sparks-as-the-rocket-leaves--step0.png
Attachment: film-frames -&gt; /mnt/c/Users/nelim/Documents/rimworld/pickle-reports/screenshots/film/the-fuse-smokes--then-the-rocket-leaves--a-thread-of-smoke-at-the-foot-of-the-stand--then-a-thick-puff-and-sparks/0000.jpg
</system-out>
    </testcase>
  </testsuite>
  <testsuite name="a bored colonist goes to the stand by themselves" tests="2" failures="0" skipped="0" flakes="0" time="26.479">
    <testcase name="an idle colonist with a low recreation need walks to an open stand and watches it standing" classname="a bored colonist goes to the stand by themselves" time="14.545">
      <system-out>Attachment: smoke-attachment -&gt; smoke test attachment content
Attachment: an idle colonist watching, standing, from a distance -&gt; /mnt/c/Users/nelim/Documents/rimworld/pickle-reports/screenshots/manual--an-idle-colonist-watching--standing--from-a-distance--step0.png
Attachment: film-frames -&gt; /mnt/c/Users/nelim/Documents/rimworld/pickle-reports/screenshots/film/a-bored-colonist-goes-to-the-stand-by-themselves--an-idle-colonist-with-a-low-recreation-need-walks-to-an-open-stand-and-watches-it-standing/0000.jpg
</system-out>
    </testcase>
    <testcase name="a stand under a roof is never used" classname="a bored colonist goes to the stand by themselves" time="11.934">
      <system-out>Attachment: smoke-attachment -&gt; smoke test attachment content
</system-out>
    </testcase>
  </testsuite>
  <testsuite name="one launcher per salvo, nothing drained while idle, and an empty stand stops firing" tests="2" failures="0" skipped="0" flakes="0" time="27.116">
    <testcase name="a loaded stand nobody watches keeps every launcher" classname="one launcher per salvo, nothing drained while idle, and an empty stand stops firing" time="11.002">
      <system-out>Attachment: smoke-attachment -&gt; smoke test attachment content
</system-out>
    </testcase>
    <testcase name="the last launcher is spent, and the empty stand fires no more" classname="one launcher per salvo, nothing drained while idle, and an empty stand stops firing" time="16.114">
      <system-out>Attachment: smoke-attachment -&gt; smoke test attachment content
Attachment: the empty stand: its inspect line beside its gauge -&gt; /mnt/c/Users/nelim/Documents/rimworld/pickle-reports/screenshots/manual--the-empty-stand--its-inspect-line-beside-its-gauge--step0.png
</system-out>
    </testcase>
  </testsuite>
  <testsuite name="a stand saved in the middle of a salvo comes back in the same state" tests="1" failures="0" skipped="0" flakes="0" time="39.792">
    <testcase name="the timer, the light and the count survive a save and a reload" classname="a stand saved in the middle of a salvo comes back in the same state" time="39.792">
      <system-out>Attachment: smoke-attachment -&gt; smoke test attachment content
Attachment: just after the reload: the stand as the save left it -&gt; /mnt/c/Users/nelim/Documents/rimworld/pickle-reports/screenshots/manual--just-after-the-reload--the-stand-as-the-save-left-it--step0.png
Attachment: film-frames -&gt; /mnt/c/Users/nelim/Documents/rimworld/pickle-reports/screenshots/film/a-stand-saved-in-the-middle-of-a-salvo-comes-back-in-the-same-state--the-timer--the-light-and-the-count-survive-a-save-and-a-reload/0000.jpg
</system-out>
    </testcase>
  </testsuite>
  <testsuite name="the memory of the show goes only to those who could see it" tests="1" failures="0" skipped="0" flakes="0" time="21.262">
    <testcase name="the colonist outdoors gains it, the sleeper and the one under a roof do not" classname="the memory of the show goes only to those who could see it" time="21.262">
      <system-out>Attachment: smoke-attachment -&gt; smoke test attachment content
Attachment: the stand, the colonist outdoors, the roofed patch with the sleeper and the colonist under it -&gt; /mnt/c/Users/nelim/Documents/rimworld/pickle-reports/screenshots/manual--the-stand--the-colonist-outdoors--the-roofed-patch-with-the-sleeper-and-the-colonist-under-it--step0.png
</system-out>
    </testcase>
  </testsuite>
  <testsuite name="what the player reads about the stand, in the language of the pass" tests="2" failures="0" skipped="0" flakes="0" time="26.345">
    <testcase name="the stand loaded and waiting, then reloading after a salvo" classname="what the player reads about the stand, in the language of the pass" time="15.488">
      <system-out>Attachment: smoke-attachment -&gt; smoke test attachment content
Attachment: the loaded stand, never fired -&gt; /mnt/c/Users/nelim/Documents/rimworld/pickle-reports/screenshots/manual--the-loaded-stand--never-fired--step0.png
Attachment: the same stand counting down its reload -&gt; /mnt/c/Users/nelim/Documents/rimworld/pickle-reports/screenshots/manual--the-same-stand-counting-down-its-reload--step0.png
</system-out>
    </testcase>
    <testcase name="the blueprint, placed through the designator, with its watching area" classname="what the player reads about the stand, in the language of the pass" time="10.857">
      <system-out>Attachment: smoke-attachment -&gt; smoke test attachment content
Attachment: the blueprint of the firework stand -&gt; /mnt/c/Users/nelim/Documents/rimworld/pickle-reports/screenshots/manual--the-blueprint-of-the-firework-stand--step0.png
</system-out>
    </testcase>
  </testsuite>
</testsuites>